The system is: Darwin - 21.4.0 - arm64
Compiling the C compiler identification source file "CMakeCCompilerId.c" succeeded.
Compiler: /Library/Developer/CommandLineTools/usr/bin/cc 
Build flags: 
Id flags: -c 

The output was:
0


Compilation of the C compiler identification source "CMakeCCompilerId.c" produced "CMakeCCompilerId.o"

The C compiler identification is AppleClang, found in "/Users/mick/Workspace/quic_implementations/lsquic/lsquic-fuzz/CMakeFiles/3.22.2/CompilerIdC/CMakeCCompilerId.o"

Detecting C compiler ABI info compiled with the following output:
Change Dir: /Users/mick/Workspace/quic_implementations/lsquic/lsquic-fuzz/CMakeFiles/CMakeTmp

Run Build Command(s):/usr/bin/make -f Makefile cmTC_4f346/fast && /Library/Developer/CommandLineTools/usr/bin/make  -f CMakeFiles/cmTC_4f346.dir/build.make CMakeFiles/cmTC_4f346.dir/build
Building C object CMakeFiles/cmTC_4f346.dir/CMakeCCompilerABI.c.o
/Library/Developer/CommandLineTools/usr/bin/cc   -arch arm64 -isysroot /Library/Developer/CommandLineTools/SDKs/MacOSX12.3.sdk   -v -Wl,-v -MD -MT CMakeFiles/cmTC_4f346.dir/CMakeCCompilerABI.c.o -MF CMakeFiles/cmTC_4f346.dir/CMakeCCompilerABI.c.o.d -o CMakeFiles/cmTC_4f346.dir/CMakeCCompilerABI.c.o -c /opt/homebrew/Cellar/cmake/3.22.2/share/cmake/Modules/CMakeCCompilerABI.c
Apple clang version 13.1.6 (clang-1316.0.21.2)
Target: arm64-apple-darwin21.4.0
Thread model: posix
InstalledDir: /Library/Developer/CommandLineTools/usr/bin
clang: warning: -Wl,-v: 'linker' input unused [-Wunused-command-line-argument]
 "/Library/Developer/CommandLineTools/usr/bin/clang" -cc1 -triple arm64-apple-macosx12.0.0 -Wundef-prefix=TARGET_OS_ -Wdeprecated-objc-isa-usage -Werror=deprecated-objc-isa-usage -Werror=implicit-function-declaration -emit-obj -mrelax-all --mrelax-relocations -disable-free -disable-llvm-verifier -discard-value-names -main-file-name CMakeCCompilerABI.c -mrelocation-model pic -pic-level 2 -mframe-pointer=non-leaf -fno-strict-return -fno-rounding-math -munwind-tables -target-sdk-version=12.3 -fvisibility-inlines-hidden-static-local-var -target-cpu apple-m1 -target-feature +v8.5a -target-feature +fp-armv8 -target-feature +neon -target-feature +crc -target-feature +crypto -target-feature +dotprod -target-feature +fp16fml -target-feature +ras -target-feature +lse -target-feature +rdm -target-feature +rcpc -target-feature +zcm -target-feature +zcz -target-feature +fullfp16 -target-feature +sm4 -target-feature +sha3 -target-feature +sha2 -target-feature +aes -target-abi darwinpcs -fallow-half-arguments-and-returns -debugger-tuning=lldb -target-linker-version 762 -v -resource-dir /Library/Developer/CommandLineTools/usr/lib/clang/13.1.6 -dependency-file CMakeFiles/cmTC_4f346.dir/CMakeCCompilerABI.c.o.d -skip-unused-modulemap-deps -MT CMakeFiles/cmTC_4f346.dir/CMakeCCompilerABI.c.o -sys-header-deps -isysroot /Library/Developer/CommandLineTools/SDKs/MacOSX12.3.sdk -internal-isystem /Library/Developer/CommandLineTools/SDKs/MacOSX12.3.sdk/usr/local/include -internal-isystem /Library/Developer/CommandLineTools/usr/lib/clang/13.1.6/include -internal-externc-isystem /Library/Developer/CommandLineTools/SDKs/MacOSX12.3.sdk/usr/include -internal-externc-isystem /Library/Developer/CommandLineTools/usr/include -Wno-reorder-init-list -Wno-implicit-int-float-conversion -Wno-c99-designator -Wno-final-dtor-non-final-class -Wno-extra-semi-stmt -Wno-misleading-indentation -Wno-quoted-include-in-framework-header -Wno-implicit-fallthrough -Wno-enum-enum-conversion -Wno-enum-float-conversion -Wno-elaborated-enum-base -Wno-reserved-identifier -Wno-gnu-folding-constant -Wno-objc-load-method -fdebug-compilation-dir=/Users/mick/Workspace/quic_implementations/lsquic/lsquic-fuzz/CMakeFiles/CMakeTmp -ferror-limit 19 -stack-protector 1 -fstack-check -mdarwin-stkchk-strong-link -fblocks -fencode-extended-block-signature -fregister-global-dtors-with-atexit -fgnuc-version=4.2.1 -fmax-type-align=16 -fcommon -clang-vendor-feature=+messageToSelfInClassMethodIdReturnType -clang-vendor-feature=+disableInferNewAvailabilityFromInit -clang-vendor-feature=+disableNonDependentMemberExprInCurrentInstantiation -fno-odr-hash-protocols -clang-vendor-feature=+enableAggressiveVLAFolding -clang-vendor-feature=+revert09abecef7bbf -clang-vendor-feature=+thisNoAlignAttr -clang-vendor-feature=+thisNoNullAttr -mllvm -disable-aligned-alloc-awareness=1 -D__GCC_HAVE_DWARF2_CFI_ASM=1 -o CMakeFiles/cmTC_4f346.dir/CMakeCCompilerABI.c.o -x c /opt/homebrew/Cellar/cmake/3.22.2/share/cmake/Modules/CMakeCCompilerABI.c
clang -cc1 version 13.1.6 (clang-1316.0.21.2) default target arm64-apple-darwin21.4.0
ignoring nonexistent directory "/Library/Developer/CommandLineTools/SDKs/MacOSX12.3.sdk/usr/local/include"
ignoring nonexistent directory "/Library/Developer/CommandLineTools/SDKs/MacOSX12.3.sdk/Library/Frameworks"
#include "..." search starts here:
#include <...> search starts here:
 /Library/Developer/CommandLineTools/usr/lib/clang/13.1.6/include
 /Library/Developer/CommandLineTools/SDKs/MacOSX12.3.sdk/usr/include
 /Library/Developer/CommandLineTools/usr/include
 /Library/Developer/CommandLineTools/SDKs/MacOSX12.3.sdk/System/Library/Frameworks (framework directory)
End of search list.
Linking C executable cmTC_4f346
/opt/homebrew/Cellar/cmake/3.22.2/bin/cmake -E cmake_link_script CMakeFiles/cmTC_4f346.dir/link.txt --verbose=1
/Library/Developer/CommandLineTools/usr/bin/cc  -arch arm64 -isysroot /Library/Developer/CommandLineTools/SDKs/MacOSX12.3.sdk -Wl,-search_paths_first -Wl,-headerpad_max_install_names  -v -Wl,-v CMakeFiles/cmTC_4f346.dir/CMakeCCompilerABI.c.o -o cmTC_4f346 
Apple clang version 13.1.6 (clang-1316.0.21.2)
Target: arm64-apple-darwin21.4.0
Thread model: posix
InstalledDir: /Library/Developer/CommandLineTools/usr/bin
 "/Library/Developer/CommandLineTools/usr/bin/ld" -demangle -lto_library /Library/Developer/CommandLineTools/usr/lib/libLTO.dylib -dynamic -arch arm64 -platform_version macos 12.0.0 12.3 -syslibroot /Library/Developer/CommandLineTools/SDKs/MacOSX12.3.sdk -o cmTC_4f346 -search_paths_first -headerpad_max_install_names -v CMakeFiles/cmTC_4f346.dir/CMakeCCompilerABI.c.o -lSystem /Library/Developer/CommandLineTools/usr/lib/clang/13.1.6/lib/darwin/libclang_rt.osx.a
@(#)PROGRAM:ld  PROJECT:ld64-762
BUILD 06:28:58 Feb 18 2022
configured to support archs: armv6 armv7 armv7s arm64 arm64e arm64_32 i386 x86_64 x86_64h armv6m armv7k armv7m armv7em
Library search paths:
	/Library/Developer/CommandLineTools/SDKs/MacOSX12.3.sdk/usr/lib
Framework search paths:
	/Library/Developer/CommandLineTools/SDKs/MacOSX12.3.sdk/System/Library/Frameworks/



Parsed C implicit include dir info from above output: rv=done
  found start of include info
  found start of implicit include info
    add: [/Library/Developer/CommandLineTools/usr/lib/clang/13.1.6/include]
    add: [/Library/Developer/CommandLineTools/SDKs/MacOSX12.3.sdk/usr/include]
    add: [/Library/Developer/CommandLineTools/usr/include]
  end of search list found
  collapse include dir [/Library/Developer/CommandLineTools/usr/lib/clang/13.1.6/include] ==> [/Library/Developer/CommandLineTools/usr/lib/clang/13.1.6/include]
  collapse include dir [/Library/Developer/CommandLineTools/SDKs/MacOSX12.3.sdk/usr/include] ==> [/Library/Developer/CommandLineTools/SDKs/MacOSX12.3.sdk/usr/include]
  collapse include dir [/Library/Developer/CommandLineTools/usr/include] ==> [/Library/Developer/CommandLineTools/usr/include]
  implicit include dirs: [/Library/Developer/CommandLineTools/usr/lib/clang/13.1.6/include;/Library/Developer/CommandLineTools/SDKs/MacOSX12.3.sdk/usr/include;/Library/Developer/CommandLineTools/usr/include]


Parsed C implicit link information from above output:
  link line regex: [^( *|.*[/\])(ld|CMAKE_LINK_STARTFILE-NOTFOUND|([^/\]+-)?ld|collect2)[^/\]*( |$)]
  ignore line: [Change Dir: /Users/mick/Workspace/quic_implementations/lsquic/lsquic-fuzz/CMakeFiles/CMakeTmp]
  ignore line: []
  ignore line: [Run Build Command(s):/usr/bin/make -f Makefile cmTC_4f346/fast && /Library/Developer/CommandLineTools/usr/bin/make  -f CMakeFiles/cmTC_4f346.dir/build.make CMakeFiles/cmTC_4f346.dir/build]
  ignore line: [Building C object CMakeFiles/cmTC_4f346.dir/CMakeCCompilerABI.c.o]
  ignore line: [/Library/Developer/CommandLineTools/usr/bin/cc   -arch arm64 -isysroot /Library/Developer/CommandLineTools/SDKs/MacOSX12.3.sdk   -v -Wl -v -MD -MT CMakeFiles/cmTC_4f346.dir/CMakeCCompilerABI.c.o -MF CMakeFiles/cmTC_4f346.dir/CMakeCCompilerABI.c.o.d -o CMakeFiles/cmTC_4f346.dir/CMakeCCompilerABI.c.o -c /opt/homebrew/Cellar/cmake/3.22.2/share/cmake/Modules/CMakeCCompilerABI.c]
  ignore line: [Apple clang version 13.1.6 (clang-1316.0.21.2)]
  ignore line: [Target: arm64-apple-darwin21.4.0]
  ignore line: [Thread model: posix]
  ignore line: [InstalledDir: /Library/Developer/CommandLineTools/usr/bin]
  ignore line: [clang: warning: -Wl -v: 'linker' input unused [-Wunused-command-line-argument]]
  ignore line: [ "/Library/Developer/CommandLineTools/usr/bin/clang" -cc1 -triple arm64-apple-macosx12.0.0 -Wundef-prefix=TARGET_OS_ -Wdeprecated-objc-isa-usage -Werror=deprecated-objc-isa-usage -Werror=implicit-function-declaration -emit-obj -mrelax-all --mrelax-relocations -disable-free -disable-llvm-verifier -discard-value-names -main-file-name CMakeCCompilerABI.c -mrelocation-model pic -pic-level 2 -mframe-pointer=non-leaf -fno-strict-return -fno-rounding-math -munwind-tables -target-sdk-version=12.3 -fvisibility-inlines-hidden-static-local-var -target-cpu apple-m1 -target-feature +v8.5a -target-feature +fp-armv8 -target-feature +neon -target-feature +crc -target-feature +crypto -target-feature +dotprod -target-feature +fp16fml -target-feature +ras -target-feature +lse -target-feature +rdm -target-feature +rcpc -target-feature +zcm -target-feature +zcz -target-feature +fullfp16 -target-feature +sm4 -target-feature +sha3 -target-feature +sha2 -target-feature +aes -target-abi darwinpcs -fallow-half-arguments-and-returns -debugger-tuning=lldb -target-linker-version 762 -v -resource-dir /Library/Developer/CommandLineTools/usr/lib/clang/13.1.6 -dependency-file CMakeFiles/cmTC_4f346.dir/CMakeCCompilerABI.c.o.d -skip-unused-modulemap-deps -MT CMakeFiles/cmTC_4f346.dir/CMakeCCompilerABI.c.o -sys-header-deps -isysroot /Library/Developer/CommandLineTools/SDKs/MacOSX12.3.sdk -internal-isystem /Library/Developer/CommandLineTools/SDKs/MacOSX12.3.sdk/usr/local/include -internal-isystem /Library/Developer/CommandLineTools/usr/lib/clang/13.1.6/include -internal-externc-isystem /Library/Developer/CommandLineTools/SDKs/MacOSX12.3.sdk/usr/include -internal-externc-isystem /Library/Developer/CommandLineTools/usr/include -Wno-reorder-init-list -Wno-implicit-int-float-conversion -Wno-c99-designator -Wno-final-dtor-non-final-class -Wno-extra-semi-stmt -Wno-misleading-indentation -Wno-quoted-include-in-framework-header -Wno-implicit-fallthrough -Wno-enum-enum-conversion -Wno-enum-float-conversion -Wno-elaborated-enum-base -Wno-reserved-identifier -Wno-gnu-folding-constant -Wno-objc-load-method -fdebug-compilation-dir=/Users/mick/Workspace/quic_implementations/lsquic/lsquic-fuzz/CMakeFiles/CMakeTmp -ferror-limit 19 -stack-protector 1 -fstack-check -mdarwin-stkchk-strong-link -fblocks -fencode-extended-block-signature -fregister-global-dtors-with-atexit -fgnuc-version=4.2.1 -fmax-type-align=16 -fcommon -clang-vendor-feature=+messageToSelfInClassMethodIdReturnType -clang-vendor-feature=+disableInferNewAvailabilityFromInit -clang-vendor-feature=+disableNonDependentMemberExprInCurrentInstantiation -fno-odr-hash-protocols -clang-vendor-feature=+enableAggressiveVLAFolding -clang-vendor-feature=+revert09abecef7bbf -clang-vendor-feature=+thisNoAlignAttr -clang-vendor-feature=+thisNoNullAttr -mllvm -disable-aligned-alloc-awareness=1 -D__GCC_HAVE_DWARF2_CFI_ASM=1 -o CMakeFiles/cmTC_4f346.dir/CMakeCCompilerABI.c.o -x c /opt/homebrew/Cellar/cmake/3.22.2/share/cmake/Modules/CMakeCCompilerABI.c]
  ignore line: [clang -cc1 version 13.1.6 (clang-1316.0.21.2) default target arm64-apple-darwin21.4.0]
  ignore line: [ignoring nonexistent directory "/Library/Developer/CommandLineTools/SDKs/MacOSX12.3.sdk/usr/local/include"]
  ignore line: [ignoring nonexistent directory "/Library/Developer/CommandLineTools/SDKs/MacOSX12.3.sdk/Library/Frameworks"]
  ignore line: [#include "..." search starts here:]
  ignore line: [#include <...> search starts here:]
  ignore line: [ /Library/Developer/CommandLineTools/usr/lib/clang/13.1.6/include]
  ignore line: [ /Library/Developer/CommandLineTools/SDKs/MacOSX12.3.sdk/usr/include]
  ignore line: [ /Library/Developer/CommandLineTools/usr/include]
  ignore line: [ /Library/Developer/CommandLineTools/SDKs/MacOSX12.3.sdk/System/Library/Frameworks (framework directory)]
  ignore line: [End of search list.]
  ignore line: [Linking C executable cmTC_4f346]
  ignore line: [/opt/homebrew/Cellar/cmake/3.22.2/bin/cmake -E cmake_link_script CMakeFiles/cmTC_4f346.dir/link.txt --verbose=1]
  ignore line: [/Library/Developer/CommandLineTools/usr/bin/cc  -arch arm64 -isysroot /Library/Developer/CommandLineTools/SDKs/MacOSX12.3.sdk -Wl -search_paths_first -Wl -headerpad_max_install_names  -v -Wl -v CMakeFiles/cmTC_4f346.dir/CMakeCCompilerABI.c.o -o cmTC_4f346 ]
  ignore line: [Apple clang version 13.1.6 (clang-1316.0.21.2)]
  ignore line: [Target: arm64-apple-darwin21.4.0]
  ignore line: [Thread model: posix]
  ignore line: [InstalledDir: /Library/Developer/CommandLineTools/usr/bin]
  link line: [ "/Library/Developer/CommandLineTools/usr/bin/ld" -demangle -lto_library /Library/Developer/CommandLineTools/usr/lib/libLTO.dylib -dynamic -arch arm64 -platform_version macos 12.0.0 12.3 -syslibroot /Library/Developer/CommandLineTools/SDKs/MacOSX12.3.sdk -o cmTC_4f346 -search_paths_first -headerpad_max_install_names -v CMakeFiles/cmTC_4f346.dir/CMakeCCompilerABI.c.o -lSystem /Library/Developer/CommandLineTools/usr/lib/clang/13.1.6/lib/darwin/libclang_rt.osx.a]
    arg [/Library/Developer/CommandLineTools/usr/bin/ld] ==> ignore
    arg [-demangle] ==> ignore
    arg [-lto_library] ==> ignore, skip following value
    arg [/Library/Developer/CommandLineTools/usr/lib/libLTO.dylib] ==> skip value of -lto_library
    arg [-dynamic] ==> ignore
    arg [-arch] ==> ignore
    arg [arm64] ==> ignore
    arg [-platform_version] ==> ignore
    arg [macos] ==> ignore
    arg [12.0.0] ==> ignore
    arg [12.3] ==> ignore
    arg [-syslibroot] ==> ignore
    arg [/Library/Developer/CommandLineTools/SDKs/MacOSX12.3.sdk] ==> ignore
    arg [-o] ==> ignore
    arg [cmTC_4f346] ==> ignore
    arg [-search_paths_first] ==> ignore
    arg [-headerpad_max_install_names] ==> ignore
    arg [-v] ==> ignore
    arg [CMakeFiles/cmTC_4f346.dir/CMakeCCompilerABI.c.o] ==> ignore
    arg [-lSystem] ==> lib [System]
    arg [/Library/Developer/CommandLineTools/usr/lib/clang/13.1.6/lib/darwin/libclang_rt.osx.a] ==> lib [/Library/Developer/CommandLineTools/usr/lib/clang/13.1.6/lib/darwin/libclang_rt.osx.a]
  Library search paths: [;/Library/Developer/CommandLineTools/SDKs/MacOSX12.3.sdk/usr/lib]
  Framework search paths: [;/Library/Developer/CommandLineTools/SDKs/MacOSX12.3.sdk/System/Library/Frameworks/]
  remove lib [System]
  remove lib [/Library/Developer/CommandLineTools/usr/lib/clang/13.1.6/lib/darwin/libclang_rt.osx.a]
  collapse library dir [/Library/Developer/CommandLineTools/SDKs/MacOSX12.3.sdk/usr/lib] ==> [/Library/Developer/CommandLineTools/SDKs/MacOSX12.3.sdk/usr/lib]
  collapse framework dir [/Library/Developer/CommandLineTools/SDKs/MacOSX12.3.sdk/System/Library/Frameworks/] ==> [/Library/Developer/CommandLineTools/SDKs/MacOSX12.3.sdk/System/Library/Frameworks]
  implicit libs: []
  implicit objs: []
  implicit dirs: [/Library/Developer/CommandLineTools/SDKs/MacOSX12.3.sdk/usr/lib]
  implicit fwks: [/Library/Developer/CommandLineTools/SDKs/MacOSX12.3.sdk/System/Library/Frameworks]


Determining if the function open_memstream exists passed with the following output:
Change Dir: /Users/mick/Workspace/quic_implementations/lsquic/lsquic-fuzz/CMakeFiles/CMakeTmp

Run Build Command(s):/usr/bin/make -f Makefile cmTC_f8ce3/fast && /Library/Developer/CommandLineTools/usr/bin/make  -f CMakeFiles/cmTC_f8ce3.dir/build.make CMakeFiles/cmTC_f8ce3.dir/build
Building C object CMakeFiles/cmTC_f8ce3.dir/CheckFunctionExists.c.o
/Library/Developer/CommandLineTools/usr/bin/cc   -DLSQUIC_DEBUG_NEXT_ADV_TICK=1 -DLSQUIC_CONN_STATS=1 -Wall -Wextra -Wno-unused-parameter -fno-omit-frame-pointer -O0 -g3  -DCHECK_FUNCTION_EXISTS=open_memstream -arch arm64 -isysroot /Library/Developer/CommandLineTools/SDKs/MacOSX12.3.sdk -MD -MT CMakeFiles/cmTC_f8ce3.dir/CheckFunctionExists.c.o -MF CMakeFiles/cmTC_f8ce3.dir/CheckFunctionExists.c.o.d -o CMakeFiles/cmTC_f8ce3.dir/CheckFunctionExists.c.o -c /opt/homebrew/Cellar/cmake/3.22.2/share/cmake/Modules/CheckFunctionExists.c
Linking C executable cmTC_f8ce3
/opt/homebrew/Cellar/cmake/3.22.2/bin/cmake -E cmake_link_script CMakeFiles/cmTC_f8ce3.dir/link.txt --verbose=1
/Library/Developer/CommandLineTools/usr/bin/cc   -DLSQUIC_DEBUG_NEXT_ADV_TICK=1 -DLSQUIC_CONN_STATS=1 -Wall -Wextra -Wno-unused-parameter -fno-omit-frame-pointer -O0 -g3  -DCHECK_FUNCTION_EXISTS=open_memstream -arch arm64 -isysroot /Library/Developer/CommandLineTools/SDKs/MacOSX12.3.sdk -Wl,-search_paths_first -Wl,-headerpad_max_install_names CMakeFiles/cmTC_f8ce3.dir/CheckFunctionExists.c.o -o cmTC_f8ce3 



Determining if the IP_DONTFRAG exist passed with the following output:
Change Dir: /Users/mick/Workspace/quic_implementations/lsquic/lsquic-fuzz/CMakeFiles/CMakeTmp

Run Build Command(s):/usr/bin/make -f Makefile cmTC_e388a/fast && /Library/Developer/CommandLineTools/usr/bin/make  -f CMakeFiles/cmTC_e388a.dir/build.make CMakeFiles/cmTC_e388a.dir/build
Building C object CMakeFiles/cmTC_e388a.dir/CheckSymbolExists.c.o
/Library/Developer/CommandLineTools/usr/bin/cc   -DLSQUIC_DEBUG_NEXT_ADV_TICK=1 -DLSQUIC_CONN_STATS=1 -Wall -Wextra -Wno-unused-parameter -fno-omit-frame-pointer -O0 -g3   -arch arm64 -isysroot /Library/Developer/CommandLineTools/SDKs/MacOSX12.3.sdk -MD -MT CMakeFiles/cmTC_e388a.dir/CheckSymbolExists.c.o -MF CMakeFiles/cmTC_e388a.dir/CheckSymbolExists.c.o.d -o CMakeFiles/cmTC_e388a.dir/CheckSymbolExists.c.o -c /Users/mick/Workspace/quic_implementations/lsquic/lsquic-fuzz/CMakeFiles/CMakeTmp/CheckSymbolExists.c
Linking C executable cmTC_e388a
/opt/homebrew/Cellar/cmake/3.22.2/bin/cmake -E cmake_link_script CMakeFiles/cmTC_e388a.dir/link.txt --verbose=1
/Library/Developer/CommandLineTools/usr/bin/cc   -DLSQUIC_DEBUG_NEXT_ADV_TICK=1 -DLSQUIC_CONN_STATS=1 -Wall -Wextra -Wno-unused-parameter -fno-omit-frame-pointer -O0 -g3   -arch arm64 -isysroot /Library/Developer/CommandLineTools/SDKs/MacOSX12.3.sdk -Wl,-search_paths_first -Wl,-headerpad_max_install_names CMakeFiles/cmTC_e388a.dir/CheckSymbolExists.c.o -o cmTC_e388a 


File /Users/mick/Workspace/quic_implementations/lsquic/lsquic-fuzz/CMakeFiles/CMakeTmp/CheckSymbolExists.c:
/* */
#include <netinet/in.h>

int main(int argc, char** argv)
{
  (void)argv;
#ifndef IP_DONTFRAG
  return ((int*)(&IP_DONTFRAG))[argc];
#else
  (void)argc;
  return 0;
#endif
}
Determining if the preadv exist passed with the following output:
Change Dir: /Users/mick/Workspace/quic_implementations/lsquic/lsquic-fuzz/CMakeFiles/CMakeTmp

Run Build Command(s):/usr/bin/make -f Makefile cmTC_f4d86/fast && /Library/Developer/CommandLineTools/usr/bin/make  -f CMakeFiles/cmTC_f4d86.dir/build.make CMakeFiles/cmTC_f4d86.dir/build
Building C object CMakeFiles/cmTC_f4d86.dir/CheckSymbolExists.c.o
/Library/Developer/CommandLineTools/usr/bin/cc   -DLSQUIC_DEBUG_NEXT_ADV_TICK=1 -DLSQUIC_CONN_STATS=1 -Wall -Wextra -Wno-unused-parameter -fno-omit-frame-pointer -O0 -g3   -arch arm64 -isysroot /Library/Developer/CommandLineTools/SDKs/MacOSX12.3.sdk -MD -MT CMakeFiles/cmTC_f4d86.dir/CheckSymbolExists.c.o -MF CMakeFiles/cmTC_f4d86.dir/CheckSymbolExists.c.o.d -o CMakeFiles/cmTC_f4d86.dir/CheckSymbolExists.c.o -c /Users/mick/Workspace/quic_implementations/lsquic/lsquic-fuzz/CMakeFiles/CMakeTmp/CheckSymbolExists.c
Linking C executable cmTC_f4d86
/opt/homebrew/Cellar/cmake/3.22.2/bin/cmake -E cmake_link_script CMakeFiles/cmTC_f4d86.dir/link.txt --verbose=1
/Library/Developer/CommandLineTools/usr/bin/cc   -DLSQUIC_DEBUG_NEXT_ADV_TICK=1 -DLSQUIC_CONN_STATS=1 -Wall -Wextra -Wno-unused-parameter -fno-omit-frame-pointer -O0 -g3   -arch arm64 -isysroot /Library/Developer/CommandLineTools/SDKs/MacOSX12.3.sdk -Wl,-search_paths_first -Wl,-headerpad_max_install_names CMakeFiles/cmTC_f4d86.dir/CheckSymbolExists.c.o -o cmTC_f4d86 


File /Users/mick/Workspace/quic_implementations/lsquic/lsquic-fuzz/CMakeFiles/CMakeTmp/CheckSymbolExists.c:
/* */
#include <sys/uio.h>

int main(int argc, char** argv)
{
  (void)argv;
#ifndef preadv
  return ((int*)(&preadv))[argc];
#else
  (void)argc;
  return 0;
#endif
}
Determining if files regex.h exist passed with the following output:
Change Dir: /Users/mick/Workspace/quic_implementations/lsquic/lsquic-fuzz/CMakeFiles/CMakeTmp

Run Build Command(s):/usr/bin/make -f Makefile cmTC_d4a86/fast && /Library/Developer/CommandLineTools/usr/bin/make  -f CMakeFiles/cmTC_d4a86.dir/build.make CMakeFiles/cmTC_d4a86.dir/build
Building C object CMakeFiles/cmTC_d4a86.dir/HAVE_REGEX.c.o
/Library/Developer/CommandLineTools/usr/bin/cc   -DLSQUIC_DEBUG_NEXT_ADV_TICK=1 -DLSQUIC_CONN_STATS=1 -Wall -Wextra -Wno-unused-parameter -fno-omit-frame-pointer -O0 -g3   -arch arm64 -isysroot /Library/Developer/CommandLineTools/SDKs/MacOSX12.3.sdk -MD -MT CMakeFiles/cmTC_d4a86.dir/HAVE_REGEX.c.o -MF CMakeFiles/cmTC_d4a86.dir/HAVE_REGEX.c.o.d -o CMakeFiles/cmTC_d4a86.dir/HAVE_REGEX.c.o -c /Users/mick/Workspace/quic_implementations/lsquic/lsquic-fuzz/CMakeFiles/CheckIncludeFiles/HAVE_REGEX.c
Linking C executable cmTC_d4a86
/opt/homebrew/Cellar/cmake/3.22.2/bin/cmake -E cmake_link_script CMakeFiles/cmTC_d4a86.dir/link.txt --verbose=1
/Library/Developer/CommandLineTools/usr/bin/cc   -DLSQUIC_DEBUG_NEXT_ADV_TICK=1 -DLSQUIC_CONN_STATS=1 -Wall -Wextra -Wno-unused-parameter -fno-omit-frame-pointer -O0 -g3   -arch arm64 -isysroot /Library/Developer/CommandLineTools/SDKs/MacOSX12.3.sdk -Wl,-search_paths_first -Wl,-headerpad_max_install_names CMakeFiles/cmTC_d4a86.dir/HAVE_REGEX.c.o -o cmTC_d4a86 



Performing C SOURCE FILE Test HAS_NO_IMPLICIT_FALLTHROUGH succeeded with the following output:
Change Dir: /Users/mick/Workspace/quic_implementations/lsquic/lsquic-fuzz/CMakeFiles/CMakeTmp

Run Build Command(s):/usr/bin/make -f Makefile cmTC_03350/fast && /Library/Developer/CommandLineTools/usr/bin/make  -f CMakeFiles/cmTC_03350.dir/build.make CMakeFiles/cmTC_03350.dir/build
Building C object CMakeFiles/cmTC_03350.dir/src.c.o
/Library/Developer/CommandLineTools/usr/bin/cc -DHAS_NO_IMPLICIT_FALLTHROUGH  -DLSQUIC_DEBUG_NEXT_ADV_TICK=1 -DLSQUIC_CONN_STATS=1 -Wall -Wextra -Wno-unused-parameter -fno-omit-frame-pointer -O0 -g3   -arch arm64 -isysroot /Library/Developer/CommandLineTools/SDKs/MacOSX12.3.sdk   -Wno-implicit-fallthrough -MD -MT CMakeFiles/cmTC_03350.dir/src.c.o -MF CMakeFiles/cmTC_03350.dir/src.c.o.d -o CMakeFiles/cmTC_03350.dir/src.c.o -c /Users/mick/Workspace/quic_implementations/lsquic/lsquic-fuzz/CMakeFiles/CMakeTmp/src.c
Linking C executable cmTC_03350
/opt/homebrew/Cellar/cmake/3.22.2/bin/cmake -E cmake_link_script CMakeFiles/cmTC_03350.dir/link.txt --verbose=1
/Library/Developer/CommandLineTools/usr/bin/cc   -DLSQUIC_DEBUG_NEXT_ADV_TICK=1 -DLSQUIC_CONN_STATS=1 -Wall -Wextra -Wno-unused-parameter -fno-omit-frame-pointer -O0 -g3   -arch arm64 -isysroot /Library/Developer/CommandLineTools/SDKs/MacOSX12.3.sdk -Wl,-search_paths_first -Wl,-headerpad_max_install_names CMakeFiles/cmTC_03350.dir/src.c.o -o cmTC_03350 


Source file was:
int main(void) { return 0; }
The system is: Linux - 5.4.0-104-generic - x86_64
Compiling the C compiler identification source file "CMakeCCompilerId.c" succeeded.
Compiler: /usr/bin/cc 
Build flags: 
Id flags:  

The output was:
0


Compilation of the C compiler identification source "CMakeCCompilerId.c" produced "a.out"

The C compiler identification is GNU, found in "/home/Mickdep/fuzzing/quic/lsquic/lsquic-fuzz/CMakeFiles/3.16.3/CompilerIdC/a.out"

Determining if the C compiler works passed with the following output:
Change Dir: /home/Mickdep/fuzzing/quic/lsquic/lsquic-fuzz/CMakeFiles/CMakeTmp

Run Build Command(s):/usr/bin/make cmTC_4fdf7/fast && /usr/bin/make -f CMakeFiles/cmTC_4fdf7.dir/build.make CMakeFiles/cmTC_4fdf7.dir/build
make[1]: Entering directory '/home/Mickdep/fuzzing/quic/lsquic/lsquic-fuzz/CMakeFiles/CMakeTmp'
Building C object CMakeFiles/cmTC_4fdf7.dir/testCCompiler.c.o
/usr/bin/cc    -o CMakeFiles/cmTC_4fdf7.dir/testCCompiler.c.o   -c /home/Mickdep/fuzzing/quic/lsquic/lsquic-fuzz/CMakeFiles/CMakeTmp/testCCompiler.c
Linking C executable cmTC_4fdf7
/usr/bin/cmake -E cmake_link_script CMakeFiles/cmTC_4fdf7.dir/link.txt --verbose=1
/usr/bin/cc      -rdynamic CMakeFiles/cmTC_4fdf7.dir/testCCompiler.c.o  -o cmTC_4fdf7 
make[1]: Leaving directory '/home/Mickdep/fuzzing/quic/lsquic/lsquic-fuzz/CMakeFiles/CMakeTmp'



Detecting C compiler ABI info compiled with the following output:
Change Dir: /home/Mickdep/fuzzing/quic/lsquic/lsquic-fuzz/CMakeFiles/CMakeTmp

Run Build Command(s):/usr/bin/make cmTC_e804a/fast && /usr/bin/make -f CMakeFiles/cmTC_e804a.dir/build.make CMakeFiles/cmTC_e804a.dir/build
make[1]: Entering directory '/home/Mickdep/fuzzing/quic/lsquic/lsquic-fuzz/CMakeFiles/CMakeTmp'
Building C object CMakeFiles/cmTC_e804a.dir/CMakeCCompilerABI.c.o
/usr/bin/cc   -v -o CMakeFiles/cmTC_e804a.dir/CMakeCCompilerABI.c.o   -c /usr/share/cmake-3.16/Modules/CMakeCCompilerABI.c
Using built-in specs.
COLLECT_GCC=/usr/bin/cc
OFFLOAD_TARGET_NAMES=nvptx-none:hsa
OFFLOAD_TARGET_DEFAULT=1
Target: x86_64-linux-gnu
Configured with: ../src/configure -v --with-pkgversion='Ubuntu 9.4.0-1ubuntu1~20.04.1' --with-bugurl=file:///usr/share/doc/gcc-9/README.Bugs --enable-languages=c,ada,c++,go,brig,d,fortran,objc,obj-c++,gm2 --prefix=/usr --with-gcc-major-version-only --program-suffix=-9 --program-prefix=x86_64-linux-gnu- --enable-shared --enable-linker-build-id --libexecdir=/usr/lib --without-included-gettext --enable-threads=posix --libdir=/usr/lib --enable-nls --enable-clocale=gnu --enable-libstdcxx-debug --enable-libstdcxx-time=yes --with-default-libstdcxx-abi=new --enable-gnu-unique-object --disable-vtable-verify --enable-plugin --enable-default-pie --with-system-zlib --with-target-system-zlib=auto --enable-objc-gc=auto --enable-multiarch --disable-werror --with-arch-32=i686 --with-abi=m64 --with-multilib-list=m32,m64,mx32 --enable-multilib --with-tune=generic --enable-offload-targets=nvptx-none=/build/gcc-9-Av3uEd/gcc-9-9.4.0/debian/tmp-nvptx/usr,hsa --without-cuda-driver --enable-checking=release --build=x86_64-linux-gnu --host=x86_64-linux-gnu --target=x86_64-linux-gnu
Thread model: posix
gcc version 9.4.0 (Ubuntu 9.4.0-1ubuntu1~20.04.1) 
COLLECT_GCC_OPTIONS='-v' '-o' 'CMakeFiles/cmTC_e804a.dir/CMakeCCompilerABI.c.o' '-c' '-mtune=generic' '-march=x86-64'
 /usr/lib/gcc/x86_64-linux-gnu/9/cc1 -quiet -v -imultiarch x86_64-linux-gnu /usr/share/cmake-3.16/Modules/CMakeCCompilerABI.c -quiet -dumpbase CMakeCCompilerABI.c -mtune=generic -march=x86-64 -auxbase-strip CMakeFiles/cmTC_e804a.dir/CMakeCCompilerABI.c.o -version -fasynchronous-unwind-tables -fstack-protector-strong -Wformat -Wformat-security -fstack-clash-protection -fcf-protection -o /tmp/ccrxoBF9.s
GNU C17 (Ubuntu 9.4.0-1ubuntu1~20.04.1) version 9.4.0 (x86_64-linux-gnu)
	compiled by GNU C version 9.4.0, GMP version 6.2.0, MPFR version 4.0.2, MPC version 1.1.0, isl version isl-0.22.1-GMP

GGC heuristics: --param ggc-min-expand=100 --param ggc-min-heapsize=131072
ignoring nonexistent directory "/usr/local/include/x86_64-linux-gnu"
ignoring nonexistent directory "/usr/lib/gcc/x86_64-linux-gnu/9/include-fixed"
ignoring nonexistent directory "/usr/lib/gcc/x86_64-linux-gnu/9/../../../../x86_64-linux-gnu/include"
#include "..." search starts here:
#include <...> search starts here:
 /usr/lib/gcc/x86_64-linux-gnu/9/include
 /usr/local/include
 /usr/include/x86_64-linux-gnu
 /usr/include
End of search list.
GNU C17 (Ubuntu 9.4.0-1ubuntu1~20.04.1) version 9.4.0 (x86_64-linux-gnu)
	compiled by GNU C version 9.4.0, GMP version 6.2.0, MPFR version 4.0.2, MPC version 1.1.0, isl version isl-0.22.1-GMP

GGC heuristics: --param ggc-min-expand=100 --param ggc-min-heapsize=131072
Compiler executable checksum: c0c95c0b4209efec1c1892d5ff24030b
COLLECT_GCC_OPTIONS='-v' '-o' 'CMakeFiles/cmTC_e804a.dir/CMakeCCompilerABI.c.o' '-c' '-mtune=generic' '-march=x86-64'
 as -v --64 -o CMakeFiles/cmTC_e804a.dir/CMakeCCompilerABI.c.o /tmp/ccrxoBF9.s
GNU assembler version 2.34 (x86_64-linux-gnu) using BFD version (GNU Binutils for Ubuntu) 2.34
COMPILER_PATH=/usr/lib/gcc/x86_64-linux-gnu/9/:/usr/lib/gcc/x86_64-linux-gnu/9/:/usr/lib/gcc/x86_64-linux-gnu/:/usr/lib/gcc/x86_64-linux-gnu/9/:/usr/lib/gcc/x86_64-linux-gnu/
LIBRARY_PATH=/usr/lib/gcc/x86_64-linux-gnu/9/:/usr/lib/gcc/x86_64-linux-gnu/9/../../../x86_64-linux-gnu/:/usr/lib/gcc/x86_64-linux-gnu/9/../../../../lib/:/lib/x86_64-linux-gnu/:/lib/../lib/:/usr/lib/x86_64-linux-gnu/:/usr/lib/../lib/:/usr/lib/gcc/x86_64-linux-gnu/9/../../../:/lib/:/usr/lib/
COLLECT_GCC_OPTIONS='-v' '-o' 'CMakeFiles/cmTC_e804a.dir/CMakeCCompilerABI.c.o' '-c' '-mtune=generic' '-march=x86-64'
Linking C executable cmTC_e804a
/usr/bin/cmake -E cmake_link_script CMakeFiles/cmTC_e804a.dir/link.txt --verbose=1
/usr/bin/cc     -v -rdynamic CMakeFiles/cmTC_e804a.dir/CMakeCCompilerABI.c.o  -o cmTC_e804a 
Using built-in specs.
COLLECT_GCC=/usr/bin/cc
COLLECT_LTO_WRAPPER=/usr/lib/gcc/x86_64-linux-gnu/9/lto-wrapper
OFFLOAD_TARGET_NAMES=nvptx-none:hsa
OFFLOAD_TARGET_DEFAULT=1
Target: x86_64-linux-gnu
Configured with: ../src/configure -v --with-pkgversion='Ubuntu 9.4.0-1ubuntu1~20.04.1' --with-bugurl=file:///usr/share/doc/gcc-9/README.Bugs --enable-languages=c,ada,c++,go,brig,d,fortran,objc,obj-c++,gm2 --prefix=/usr --with-gcc-major-version-only --program-suffix=-9 --program-prefix=x86_64-linux-gnu- --enable-shared --enable-linker-build-id --libexecdir=/usr/lib --without-included-gettext --enable-threads=posix --libdir=/usr/lib --enable-nls --enable-clocale=gnu --enable-libstdcxx-debug --enable-libstdcxx-time=yes --with-default-libstdcxx-abi=new --enable-gnu-unique-object --disable-vtable-verify --enable-plugin --enable-default-pie --with-system-zlib --with-target-system-zlib=auto --enable-objc-gc=auto --enable-multiarch --disable-werror --with-arch-32=i686 --with-abi=m64 --with-multilib-list=m32,m64,mx32 --enable-multilib --with-tune=generic --enable-offload-targets=nvptx-none=/build/gcc-9-Av3uEd/gcc-9-9.4.0/debian/tmp-nvptx/usr,hsa --without-cuda-driver --enable-checking=release --build=x86_64-linux-gnu --host=x86_64-linux-gnu --target=x86_64-linux-gnu
Thread model: posix
gcc version 9.4.0 (Ubuntu 9.4.0-1ubuntu1~20.04.1) 
COMPILER_PATH=/usr/lib/gcc/x86_64-linux-gnu/9/:/usr/lib/gcc/x86_64-linux-gnu/9/:/usr/lib/gcc/x86_64-linux-gnu/:/usr/lib/gcc/x86_64-linux-gnu/9/:/usr/lib/gcc/x86_64-linux-gnu/
LIBRARY_PATH=/usr/lib/gcc/x86_64-linux-gnu/9/:/usr/lib/gcc/x86_64-linux-gnu/9/../../../x86_64-linux-gnu/:/usr/lib/gcc/x86_64-linux-gnu/9/../../../../lib/:/lib/x86_64-linux-gnu/:/lib/../lib/:/usr/lib/x86_64-linux-gnu/:/usr/lib/../lib/:/usr/lib/gcc/x86_64-linux-gnu/9/../../../:/lib/:/usr/lib/
COLLECT_GCC_OPTIONS='-v' '-rdynamic' '-o' 'cmTC_e804a' '-mtune=generic' '-march=x86-64'
 /usr/lib/gcc/x86_64-linux-gnu/9/collect2 -plugin /usr/lib/gcc/x86_64-linux-gnu/9/liblto_plugin.so -plugin-opt=/usr/lib/gcc/x86_64-linux-gnu/9/lto-wrapper -plugin-opt=-fresolution=/tmp/ccY8Fa5D.res -plugin-opt=-pass-through=-lgcc -plugin-opt=-pass-through=-lgcc_s -plugin-opt=-pass-through=-lc -plugin-opt=-pass-through=-lgcc -plugin-opt=-pass-through=-lgcc_s --build-id --eh-frame-hdr -m elf_x86_64 --hash-style=gnu --as-needed -export-dynamic -dynamic-linker /lib64/ld-linux-x86-64.so.2 -pie -z now -z relro -o cmTC_e804a /usr/lib/gcc/x86_64-linux-gnu/9/../../../x86_64-linux-gnu/Scrt1.o /usr/lib/gcc/x86_64-linux-gnu/9/../../../x86_64-linux-gnu/crti.o /usr/lib/gcc/x86_64-linux-gnu/9/crtbeginS.o -L/usr/lib/gcc/x86_64-linux-gnu/9 -L/usr/lib/gcc/x86_64-linux-gnu/9/../../../x86_64-linux-gnu -L/usr/lib/gcc/x86_64-linux-gnu/9/../../../../lib -L/lib/x86_64-linux-gnu -L/lib/../lib -L/usr/lib/x86_64-linux-gnu -L/usr/lib/../lib -L/usr/lib/gcc/x86_64-linux-gnu/9/../../.. CMakeFiles/cmTC_e804a.dir/CMakeCCompilerABI.c.o -lgcc --push-state --as-needed -lgcc_s --pop-state -lc -lgcc --push-state --as-needed -lgcc_s --pop-state /usr/lib/gcc/x86_64-linux-gnu/9/crtendS.o /usr/lib/gcc/x86_64-linux-gnu/9/../../../x86_64-linux-gnu/crtn.o
COLLECT_GCC_OPTIONS='-v' '-rdynamic' '-o' 'cmTC_e804a' '-mtune=generic' '-march=x86-64'
make[1]: Leaving directory '/home/Mickdep/fuzzing/quic/lsquic/lsquic-fuzz/CMakeFiles/CMakeTmp'



Parsed C implicit include dir info from above output: rv=done
  found start of include info
  found start of implicit include info
    add: [/usr/lib/gcc/x86_64-linux-gnu/9/include]
    add: [/usr/local/include]
    add: [/usr/include/x86_64-linux-gnu]
    add: [/usr/include]
  end of search list found
  collapse include dir [/usr/lib/gcc/x86_64-linux-gnu/9/include] ==> [/usr/lib/gcc/x86_64-linux-gnu/9/include]
  collapse include dir [/usr/local/include] ==> [/usr/local/include]
  collapse include dir [/usr/include/x86_64-linux-gnu] ==> [/usr/include/x86_64-linux-gnu]
  collapse include dir [/usr/include] ==> [/usr/include]
  implicit include dirs: [/usr/lib/gcc/x86_64-linux-gnu/9/include;/usr/local/include;/usr/include/x86_64-linux-gnu;/usr/include]


Parsed C implicit link information from above output:
  link line regex: [^( *|.*[/\])(ld|CMAKE_LINK_STARTFILE-NOTFOUND|([^/\]+-)?ld|collect2)[^/\]*( |$)]
  ignore line: [Change Dir: /home/Mickdep/fuzzing/quic/lsquic/lsquic-fuzz/CMakeFiles/CMakeTmp]
  ignore line: []
  ignore line: [Run Build Command(s):/usr/bin/make cmTC_e804a/fast && /usr/bin/make -f CMakeFiles/cmTC_e804a.dir/build.make CMakeFiles/cmTC_e804a.dir/build]
  ignore line: [make[1]: Entering directory '/home/Mickdep/fuzzing/quic/lsquic/lsquic-fuzz/CMakeFiles/CMakeTmp']
  ignore line: [Building C object CMakeFiles/cmTC_e804a.dir/CMakeCCompilerABI.c.o]
  ignore line: [/usr/bin/cc   -v -o CMakeFiles/cmTC_e804a.dir/CMakeCCompilerABI.c.o   -c /usr/share/cmake-3.16/Modules/CMakeCCompilerABI.c]
  ignore line: [Using built-in specs.]
  ignore line: [COLLECT_GCC=/usr/bin/cc]
  ignore line: [OFFLOAD_TARGET_NAMES=nvptx-none:hsa]
  ignore line: [OFFLOAD_TARGET_DEFAULT=1]
  ignore line: [Target: x86_64-linux-gnu]
  ignore line: [Configured with: ../src/configure -v --with-pkgversion='Ubuntu 9.4.0-1ubuntu1~20.04.1' --with-bugurl=file:///usr/share/doc/gcc-9/README.Bugs --enable-languages=c ada c++ go brig d fortran objc obj-c++ gm2 --prefix=/usr --with-gcc-major-version-only --program-suffix=-9 --program-prefix=x86_64-linux-gnu- --enable-shared --enable-linker-build-id --libexecdir=/usr/lib --without-included-gettext --enable-threads=posix --libdir=/usr/lib --enable-nls --enable-clocale=gnu --enable-libstdcxx-debug --enable-libstdcxx-time=yes --with-default-libstdcxx-abi=new --enable-gnu-unique-object --disable-vtable-verify --enable-plugin --enable-default-pie --with-system-zlib --with-target-system-zlib=auto --enable-objc-gc=auto --enable-multiarch --disable-werror --with-arch-32=i686 --with-abi=m64 --with-multilib-list=m32 m64 mx32 --enable-multilib --with-tune=generic --enable-offload-targets=nvptx-none=/build/gcc-9-Av3uEd/gcc-9-9.4.0/debian/tmp-nvptx/usr hsa --without-cuda-driver --enable-checking=release --build=x86_64-linux-gnu --host=x86_64-linux-gnu --target=x86_64-linux-gnu]
  ignore line: [Thread model: posix]
  ignore line: [gcc version 9.4.0 (Ubuntu 9.4.0-1ubuntu1~20.04.1) ]
  ignore line: [COLLECT_GCC_OPTIONS='-v' '-o' 'CMakeFiles/cmTC_e804a.dir/CMakeCCompilerABI.c.o' '-c' '-mtune=generic' '-march=x86-64']
  ignore line: [ /usr/lib/gcc/x86_64-linux-gnu/9/cc1 -quiet -v -imultiarch x86_64-linux-gnu /usr/share/cmake-3.16/Modules/CMakeCCompilerABI.c -quiet -dumpbase CMakeCCompilerABI.c -mtune=generic -march=x86-64 -auxbase-strip CMakeFiles/cmTC_e804a.dir/CMakeCCompilerABI.c.o -version -fasynchronous-unwind-tables -fstack-protector-strong -Wformat -Wformat-security -fstack-clash-protection -fcf-protection -o /tmp/ccrxoBF9.s]
  ignore line: [GNU C17 (Ubuntu 9.4.0-1ubuntu1~20.04.1) version 9.4.0 (x86_64-linux-gnu)]
  ignore line: [	compiled by GNU C version 9.4.0  GMP version 6.2.0  MPFR version 4.0.2  MPC version 1.1.0  isl version isl-0.22.1-GMP]
  ignore line: []
  ignore line: [GGC heuristics: --param ggc-min-expand=100 --param ggc-min-heapsize=131072]
  ignore line: [ignoring nonexistent directory "/usr/local/include/x86_64-linux-gnu"]
  ignore line: [ignoring nonexistent directory "/usr/lib/gcc/x86_64-linux-gnu/9/include-fixed"]
  ignore line: [ignoring nonexistent directory "/usr/lib/gcc/x86_64-linux-gnu/9/../../../../x86_64-linux-gnu/include"]
  ignore line: [#include "..." search starts here:]
  ignore line: [#include <...> search starts here:]
  ignore line: [ /usr/lib/gcc/x86_64-linux-gnu/9/include]
  ignore line: [ /usr/local/include]
  ignore line: [ /usr/include/x86_64-linux-gnu]
  ignore line: [ /usr/include]
  ignore line: [End of search list.]
  ignore line: [GNU C17 (Ubuntu 9.4.0-1ubuntu1~20.04.1) version 9.4.0 (x86_64-linux-gnu)]
  ignore line: [	compiled by GNU C version 9.4.0  GMP version 6.2.0  MPFR version 4.0.2  MPC version 1.1.0  isl version isl-0.22.1-GMP]
  ignore line: []
  ignore line: [GGC heuristics: --param ggc-min-expand=100 --param ggc-min-heapsize=131072]
  ignore line: [Compiler executable checksum: c0c95c0b4209efec1c1892d5ff24030b]
  ignore line: [COLLECT_GCC_OPTIONS='-v' '-o' 'CMakeFiles/cmTC_e804a.dir/CMakeCCompilerABI.c.o' '-c' '-mtune=generic' '-march=x86-64']
  ignore line: [ as -v --64 -o CMakeFiles/cmTC_e804a.dir/CMakeCCompilerABI.c.o /tmp/ccrxoBF9.s]
  ignore line: [GNU assembler version 2.34 (x86_64-linux-gnu) using BFD version (GNU Binutils for Ubuntu) 2.34]
  ignore line: [COMPILER_PATH=/usr/lib/gcc/x86_64-linux-gnu/9/:/usr/lib/gcc/x86_64-linux-gnu/9/:/usr/lib/gcc/x86_64-linux-gnu/:/usr/lib/gcc/x86_64-linux-gnu/9/:/usr/lib/gcc/x86_64-linux-gnu/]
  ignore line: [LIBRARY_PATH=/usr/lib/gcc/x86_64-linux-gnu/9/:/usr/lib/gcc/x86_64-linux-gnu/9/../../../x86_64-linux-gnu/:/usr/lib/gcc/x86_64-linux-gnu/9/../../../../lib/:/lib/x86_64-linux-gnu/:/lib/../lib/:/usr/lib/x86_64-linux-gnu/:/usr/lib/../lib/:/usr/lib/gcc/x86_64-linux-gnu/9/../../../:/lib/:/usr/lib/]
  ignore line: [COLLECT_GCC_OPTIONS='-v' '-o' 'CMakeFiles/cmTC_e804a.dir/CMakeCCompilerABI.c.o' '-c' '-mtune=generic' '-march=x86-64']
  ignore line: [Linking C executable cmTC_e804a]
  ignore line: [/usr/bin/cmake -E cmake_link_script CMakeFiles/cmTC_e804a.dir/link.txt --verbose=1]
  ignore line: [/usr/bin/cc     -v -rdynamic CMakeFiles/cmTC_e804a.dir/CMakeCCompilerABI.c.o  -o cmTC_e804a ]
  ignore line: [Using built-in specs.]
  ignore line: [COLLECT_GCC=/usr/bin/cc]
  ignore line: [COLLECT_LTO_WRAPPER=/usr/lib/gcc/x86_64-linux-gnu/9/lto-wrapper]
  ignore line: [OFFLOAD_TARGET_NAMES=nvptx-none:hsa]
  ignore line: [OFFLOAD_TARGET_DEFAULT=1]
  ignore line: [Target: x86_64-linux-gnu]
  ignore line: [Configured with: ../src/configure -v --with-pkgversion='Ubuntu 9.4.0-1ubuntu1~20.04.1' --with-bugurl=file:///usr/share/doc/gcc-9/README.Bugs --enable-languages=c ada c++ go brig d fortran objc obj-c++ gm2 --prefix=/usr --with-gcc-major-version-only --program-suffix=-9 --program-prefix=x86_64-linux-gnu- --enable-shared --enable-linker-build-id --libexecdir=/usr/lib --without-included-gettext --enable-threads=posix --libdir=/usr/lib --enable-nls --enable-clocale=gnu --enable-libstdcxx-debug --enable-libstdcxx-time=yes --with-default-libstdcxx-abi=new --enable-gnu-unique-object --disable-vtable-verify --enable-plugin --enable-default-pie --with-system-zlib --with-target-system-zlib=auto --enable-objc-gc=auto --enable-multiarch --disable-werror --with-arch-32=i686 --with-abi=m64 --with-multilib-list=m32 m64 mx32 --enable-multilib --with-tune=generic --enable-offload-targets=nvptx-none=/build/gcc-9-Av3uEd/gcc-9-9.4.0/debian/tmp-nvptx/usr hsa --without-cuda-driver --enable-checking=release --build=x86_64-linux-gnu --host=x86_64-linux-gnu --target=x86_64-linux-gnu]
  ignore line: [Thread model: posix]
  ignore line: [gcc version 9.4.0 (Ubuntu 9.4.0-1ubuntu1~20.04.1) ]
  ignore line: [COMPILER_PATH=/usr/lib/gcc/x86_64-linux-gnu/9/:/usr/lib/gcc/x86_64-linux-gnu/9/:/usr/lib/gcc/x86_64-linux-gnu/:/usr/lib/gcc/x86_64-linux-gnu/9/:/usr/lib/gcc/x86_64-linux-gnu/]
  ignore line: [LIBRARY_PATH=/usr/lib/gcc/x86_64-linux-gnu/9/:/usr/lib/gcc/x86_64-linux-gnu/9/../../../x86_64-linux-gnu/:/usr/lib/gcc/x86_64-linux-gnu/9/../../../../lib/:/lib/x86_64-linux-gnu/:/lib/../lib/:/usr/lib/x86_64-linux-gnu/:/usr/lib/../lib/:/usr/lib/gcc/x86_64-linux-gnu/9/../../../:/lib/:/usr/lib/]
  ignore line: [COLLECT_GCC_OPTIONS='-v' '-rdynamic' '-o' 'cmTC_e804a' '-mtune=generic' '-march=x86-64']
  link line: [ /usr/lib/gcc/x86_64-linux-gnu/9/collect2 -plugin /usr/lib/gcc/x86_64-linux-gnu/9/liblto_plugin.so -plugin-opt=/usr/lib/gcc/x86_64-linux-gnu/9/lto-wrapper -plugin-opt=-fresolution=/tmp/ccY8Fa5D.res -plugin-opt=-pass-through=-lgcc -plugin-opt=-pass-through=-lgcc_s -plugin-opt=-pass-through=-lc -plugin-opt=-pass-through=-lgcc -plugin-opt=-pass-through=-lgcc_s --build-id --eh-frame-hdr -m elf_x86_64 --hash-style=gnu --as-needed -export-dynamic -dynamic-linker /lib64/ld-linux-x86-64.so.2 -pie -z now -z relro -o cmTC_e804a /usr/lib/gcc/x86_64-linux-gnu/9/../../../x86_64-linux-gnu/Scrt1.o /usr/lib/gcc/x86_64-linux-gnu/9/../../../x86_64-linux-gnu/crti.o /usr/lib/gcc/x86_64-linux-gnu/9/crtbeginS.o -L/usr/lib/gcc/x86_64-linux-gnu/9 -L/usr/lib/gcc/x86_64-linux-gnu/9/../../../x86_64-linux-gnu -L/usr/lib/gcc/x86_64-linux-gnu/9/../../../../lib -L/lib/x86_64-linux-gnu -L/lib/../lib -L/usr/lib/x86_64-linux-gnu -L/usr/lib/../lib -L/usr/lib/gcc/x86_64-linux-gnu/9/../../.. CMakeFiles/cmTC_e804a.dir/CMakeCCompilerABI.c.o -lgcc --push-state --as-needed -lgcc_s --pop-state -lc -lgcc --push-state --as-needed -lgcc_s --pop-state /usr/lib/gcc/x86_64-linux-gnu/9/crtendS.o /usr/lib/gcc/x86_64-linux-gnu/9/../../../x86_64-linux-gnu/crtn.o]
    arg [/usr/lib/gcc/x86_64-linux-gnu/9/collect2] ==> ignore
    arg [-plugin] ==> ignore
    arg [/usr/lib/gcc/x86_64-linux-gnu/9/liblto_plugin.so] ==> ignore
    arg [-plugin-opt=/usr/lib/gcc/x86_64-linux-gnu/9/lto-wrapper] ==> ignore
    arg [-plugin-opt=-fresolution=/tmp/ccY8Fa5D.res] ==> ignore
    arg [-plugin-opt=-pass-through=-lgcc] ==> ignore
    arg [-plugin-opt=-pass-through=-lgcc_s] ==> ignore
    arg [-plugin-opt=-pass-through=-lc] ==> ignore
    arg [-plugin-opt=-pass-through=-lgcc] ==> ignore
    arg [-plugin-opt=-pass-through=-lgcc_s] ==> ignore
    arg [--build-id] ==> ignore
    arg [--eh-frame-hdr] ==> ignore
    arg [-m] ==> ignore
    arg [elf_x86_64] ==> ignore
    arg [--hash-style=gnu] ==> ignore
    arg [--as-needed] ==> ignore
    arg [-export-dynamic] ==> ignore
    arg [-dynamic-linker] ==> ignore
    arg [/lib64/ld-linux-x86-64.so.2] ==> ignore
    arg [-pie] ==> ignore
    arg [-znow] ==> ignore
    arg [-zrelro] ==> ignore
    arg [-o] ==> ignore
    arg [cmTC_e804a] ==> ignore
    arg [/usr/lib/gcc/x86_64-linux-gnu/9/../../../x86_64-linux-gnu/Scrt1.o] ==> ignore
    arg [/usr/lib/gcc/x86_64-linux-gnu/9/../../../x86_64-linux-gnu/crti.o] ==> ignore
    arg [/usr/lib/gcc/x86_64-linux-gnu/9/crtbeginS.o] ==> ignore
    arg [-L/usr/lib/gcc/x86_64-linux-gnu/9] ==> dir [/usr/lib/gcc/x86_64-linux-gnu/9]
    arg [-L/usr/lib/gcc/x86_64-linux-gnu/9/../../../x86_64-linux-gnu] ==> dir [/usr/lib/gcc/x86_64-linux-gnu/9/../../../x86_64-linux-gnu]
    arg [-L/usr/lib/gcc/x86_64-linux-gnu/9/../../../../lib] ==> dir [/usr/lib/gcc/x86_64-linux-gnu/9/../../../../lib]
    arg [-L/lib/x86_64-linux-gnu] ==> dir [/lib/x86_64-linux-gnu]
    arg [-L/lib/../lib] ==> dir [/lib/../lib]
    arg [-L/usr/lib/x86_64-linux-gnu] ==> dir [/usr/lib/x86_64-linux-gnu]
    arg [-L/usr/lib/../lib] ==> dir [/usr/lib/../lib]
    arg [-L/usr/lib/gcc/x86_64-linux-gnu/9/../../..] ==> dir [/usr/lib/gcc/x86_64-linux-gnu/9/../../..]
    arg [CMakeFiles/cmTC_e804a.dir/CMakeCCompilerABI.c.o] ==> ignore
    arg [-lgcc] ==> lib [gcc]
    arg [--push-state] ==> ignore
    arg [--as-needed] ==> ignore
    arg [-lgcc_s] ==> lib [gcc_s]
    arg [--pop-state] ==> ignore
    arg [-lc] ==> lib [c]
    arg [-lgcc] ==> lib [gcc]
    arg [--push-state] ==> ignore
    arg [--as-needed] ==> ignore
    arg [-lgcc_s] ==> lib [gcc_s]
    arg [--pop-state] ==> ignore
    arg [/usr/lib/gcc/x86_64-linux-gnu/9/crtendS.o] ==> ignore
    arg [/usr/lib/gcc/x86_64-linux-gnu/9/../../../x86_64-linux-gnu/crtn.o] ==> ignore
  collapse library dir [/usr/lib/gcc/x86_64-linux-gnu/9] ==> [/usr/lib/gcc/x86_64-linux-gnu/9]
  collapse library dir [/usr/lib/gcc/x86_64-linux-gnu/9/../../../x86_64-linux-gnu] ==> [/usr/lib/x86_64-linux-gnu]
  collapse library dir [/usr/lib/gcc/x86_64-linux-gnu/9/../../../../lib] ==> [/usr/lib]
  collapse library dir [/lib/x86_64-linux-gnu] ==> [/lib/x86_64-linux-gnu]
  collapse library dir [/lib/../lib] ==> [/lib]
  collapse library dir [/usr/lib/x86_64-linux-gnu] ==> [/usr/lib/x86_64-linux-gnu]
  collapse library dir [/usr/lib/../lib] ==> [/usr/lib]
  collapse library dir [/usr/lib/gcc/x86_64-linux-gnu/9/../../..] ==> [/usr/lib]
  implicit libs: [gcc;gcc_s;c;gcc;gcc_s]
  implicit dirs: [/usr/lib/gcc/x86_64-linux-gnu/9;/usr/lib/x86_64-linux-gnu;/usr/lib;/lib/x86_64-linux-gnu;/lib]
  implicit fwks: []


Determining if the function sendmmsg exists passed with the following output:
Change Dir: /home/Mickdep/fuzzing/quic/lsquic/lsquic-fuzz/CMakeFiles/CMakeTmp

Run Build Command(s):/usr/bin/make cmTC_068df/fast && /usr/bin/make -f CMakeFiles/cmTC_068df.dir/build.make CMakeFiles/cmTC_068df.dir/build
make[1]: Entering directory '/home/Mickdep/fuzzing/quic/lsquic/lsquic-fuzz/CMakeFiles/CMakeTmp'
Building C object CMakeFiles/cmTC_068df.dir/CheckFunctionExists.c.o
/usr/bin/cc   -DLSQUIC_DEBUG_NEXT_ADV_TICK=1 -DLSQUIC_CONN_STATS=1 -Wall -Wextra -Wno-unused-parameter -fno-omit-frame-pointer -Wno-missing-field-initializers -O0 -g3  -DCHECK_FUNCTION_EXISTS=sendmmsg   -o CMakeFiles/cmTC_068df.dir/CheckFunctionExists.c.o   -c /usr/share/cmake-3.16/Modules/CheckFunctionExists.c
Linking C executable cmTC_068df
/usr/bin/cmake -E cmake_link_script CMakeFiles/cmTC_068df.dir/link.txt --verbose=1
/usr/bin/cc   -DLSQUIC_DEBUG_NEXT_ADV_TICK=1 -DLSQUIC_CONN_STATS=1 -Wall -Wextra -Wno-unused-parameter -fno-omit-frame-pointer -Wno-missing-field-initializers -O0 -g3  -DCHECK_FUNCTION_EXISTS=sendmmsg    -rdynamic CMakeFiles/cmTC_068df.dir/CheckFunctionExists.c.o  -o cmTC_068df 
make[1]: Leaving directory '/home/Mickdep/fuzzing/quic/lsquic/lsquic-fuzz/CMakeFiles/CMakeTmp'



Determining if the function recvmmsg exists passed with the following output:
Change Dir: /home/Mickdep/fuzzing/quic/lsquic/lsquic-fuzz/CMakeFiles/CMakeTmp

Run Build Command(s):/usr/bin/make cmTC_128d6/fast && /usr/bin/make -f CMakeFiles/cmTC_128d6.dir/build.make CMakeFiles/cmTC_128d6.dir/build
make[1]: Entering directory '/home/Mickdep/fuzzing/quic/lsquic/lsquic-fuzz/CMakeFiles/CMakeTmp'
Building C object CMakeFiles/cmTC_128d6.dir/CheckFunctionExists.c.o
/usr/bin/cc   -DLSQUIC_DEBUG_NEXT_ADV_TICK=1 -DLSQUIC_CONN_STATS=1 -Wall -Wextra -Wno-unused-parameter -fno-omit-frame-pointer -Wno-missing-field-initializers -O0 -g3  -DCHECK_FUNCTION_EXISTS=recvmmsg   -o CMakeFiles/cmTC_128d6.dir/CheckFunctionExists.c.o   -c /usr/share/cmake-3.16/Modules/CheckFunctionExists.c
Linking C executable cmTC_128d6
/usr/bin/cmake -E cmake_link_script CMakeFiles/cmTC_128d6.dir/link.txt --verbose=1
/usr/bin/cc   -DLSQUIC_DEBUG_NEXT_ADV_TICK=1 -DLSQUIC_CONN_STATS=1 -Wall -Wextra -Wno-unused-parameter -fno-omit-frame-pointer -Wno-missing-field-initializers -O0 -g3  -DCHECK_FUNCTION_EXISTS=recvmmsg    -rdynamic CMakeFiles/cmTC_128d6.dir/CheckFunctionExists.c.o  -o cmTC_128d6 
make[1]: Leaving directory '/home/Mickdep/fuzzing/quic/lsquic/lsquic-fuzz/CMakeFiles/CMakeTmp'



Determining if the function open_memstream exists passed with the following output:
Change Dir: /home/Mickdep/fuzzing/quic/lsquic/lsquic-fuzz/CMakeFiles/CMakeTmp

Run Build Command(s):/usr/bin/make cmTC_e557a/fast && /usr/bin/make -f CMakeFiles/cmTC_e557a.dir/build.make CMakeFiles/cmTC_e557a.dir/build
make[1]: Entering directory '/home/Mickdep/fuzzing/quic/lsquic/lsquic-fuzz/CMakeFiles/CMakeTmp'
Building C object CMakeFiles/cmTC_e557a.dir/CheckFunctionExists.c.o
/usr/bin/cc   -DLSQUIC_DEBUG_NEXT_ADV_TICK=1 -DLSQUIC_CONN_STATS=1 -Wall -Wextra -Wno-unused-parameter -fno-omit-frame-pointer -Wno-missing-field-initializers -O0 -g3  -DCHECK_FUNCTION_EXISTS=open_memstream   -o CMakeFiles/cmTC_e557a.dir/CheckFunctionExists.c.o   -c /usr/share/cmake-3.16/Modules/CheckFunctionExists.c
Linking C executable cmTC_e557a
/usr/bin/cmake -E cmake_link_script CMakeFiles/cmTC_e557a.dir/link.txt --verbose=1
/usr/bin/cc   -DLSQUIC_DEBUG_NEXT_ADV_TICK=1 -DLSQUIC_CONN_STATS=1 -Wall -Wextra -Wno-unused-parameter -fno-omit-frame-pointer -Wno-missing-field-initializers -O0 -g3  -DCHECK_FUNCTION_EXISTS=open_memstream    -rdynamic CMakeFiles/cmTC_e557a.dir/CheckFunctionExists.c.o  -o cmTC_e557a 
make[1]: Leaving directory '/home/Mickdep/fuzzing/quic/lsquic/lsquic-fuzz/CMakeFiles/CMakeTmp'



Determining if the IP_MTU_DISCOVER exist passed with the following output:
Change Dir: /home/Mickdep/fuzzing/quic/lsquic/lsquic-fuzz/CMakeFiles/CMakeTmp

Run Build Command(s):/usr/bin/make cmTC_c002c/fast && /usr/bin/make -f CMakeFiles/cmTC_c002c.dir/build.make CMakeFiles/cmTC_c002c.dir/build
make[1]: Entering directory '/home/Mickdep/fuzzing/quic/lsquic/lsquic-fuzz/CMakeFiles/CMakeTmp'
Building C object CMakeFiles/cmTC_c002c.dir/CheckSymbolExists.c.o
/usr/bin/cc   -DLSQUIC_DEBUG_NEXT_ADV_TICK=1 -DLSQUIC_CONN_STATS=1 -Wall -Wextra -Wno-unused-parameter -fno-omit-frame-pointer -Wno-missing-field-initializers -O0 -g3     -o CMakeFiles/cmTC_c002c.dir/CheckSymbolExists.c.o   -c /home/Mickdep/fuzzing/quic/lsquic/lsquic-fuzz/CMakeFiles/CMakeTmp/CheckSymbolExists.c
Linking C executable cmTC_c002c
/usr/bin/cmake -E cmake_link_script CMakeFiles/cmTC_c002c.dir/link.txt --verbose=1
/usr/bin/cc   -DLSQUIC_DEBUG_NEXT_ADV_TICK=1 -DLSQUIC_CONN_STATS=1 -Wall -Wextra -Wno-unused-parameter -fno-omit-frame-pointer -Wno-missing-field-initializers -O0 -g3      -rdynamic CMakeFiles/cmTC_c002c.dir/CheckSymbolExists.c.o  -o cmTC_c002c 
make[1]: Leaving directory '/home/Mickdep/fuzzing/quic/lsquic/lsquic-fuzz/CMakeFiles/CMakeTmp'


File /home/Mickdep/fuzzing/quic/lsquic/lsquic-fuzz/CMakeFiles/CMakeTmp/CheckSymbolExists.c:
/* */
#include <netinet/in.h>

int main(int argc, char** argv)
{
  (void)argv;
#ifndef IP_MTU_DISCOVER
  return ((int*)(&IP_MTU_DISCOVER))[argc];
#else
  (void)argc;
  return 0;
#endif
}
Determining if the preadv exist passed with the following output:
Change Dir: /home/Mickdep/fuzzing/quic/lsquic/lsquic-fuzz/CMakeFiles/CMakeTmp

Run Build Command(s):/usr/bin/make cmTC_dedfc/fast && /usr/bin/make -f CMakeFiles/cmTC_dedfc.dir/build.make CMakeFiles/cmTC_dedfc.dir/build
make[1]: Entering directory '/home/Mickdep/fuzzing/quic/lsquic/lsquic-fuzz/CMakeFiles/CMakeTmp'
Building C object CMakeFiles/cmTC_dedfc.dir/CheckSymbolExists.c.o
/usr/bin/cc   -DLSQUIC_DEBUG_NEXT_ADV_TICK=1 -DLSQUIC_CONN_STATS=1 -Wall -Wextra -Wno-unused-parameter -fno-omit-frame-pointer -Wno-missing-field-initializers -O0 -g3     -o CMakeFiles/cmTC_dedfc.dir/CheckSymbolExists.c.o   -c /home/Mickdep/fuzzing/quic/lsquic/lsquic-fuzz/CMakeFiles/CMakeTmp/CheckSymbolExists.c
Linking C executable cmTC_dedfc
/usr/bin/cmake -E cmake_link_script CMakeFiles/cmTC_dedfc.dir/link.txt --verbose=1
/usr/bin/cc   -DLSQUIC_DEBUG_NEXT_ADV_TICK=1 -DLSQUIC_CONN_STATS=1 -Wall -Wextra -Wno-unused-parameter -fno-omit-frame-pointer -Wno-missing-field-initializers -O0 -g3      -rdynamic CMakeFiles/cmTC_dedfc.dir/CheckSymbolExists.c.o  -o cmTC_dedfc 
make[1]: Leaving directory '/home/Mickdep/fuzzing/quic/lsquic/lsquic-fuzz/CMakeFiles/CMakeTmp'


File /home/Mickdep/fuzzing/quic/lsquic/lsquic-fuzz/CMakeFiles/CMakeTmp/CheckSymbolExists.c:
/* */
#include <sys/uio.h>

int main(int argc, char** argv)
{
  (void)argv;
#ifndef preadv
  return ((int*)(&preadv))[argc];
#else
  (void)argc;
  return 0;
#endif
}
Determining if files regex.h exist passed with the following output:
Change Dir: /home/Mickdep/fuzzing/quic/lsquic/lsquic-fuzz/CMakeFiles/CMakeTmp

Run Build Command(s):/usr/bin/make cmTC_b0218/fast && /usr/bin/make -f CMakeFiles/cmTC_b0218.dir/build.make CMakeFiles/cmTC_b0218.dir/build
make[1]: Entering directory '/home/Mickdep/fuzzing/quic/lsquic/lsquic-fuzz/CMakeFiles/CMakeTmp'
Building C object CMakeFiles/cmTC_b0218.dir/HAVE_REGEX.c.o
/usr/bin/cc   -DLSQUIC_DEBUG_NEXT_ADV_TICK=1 -DLSQUIC_CONN_STATS=1 -Wall -Wextra -Wno-unused-parameter -fno-omit-frame-pointer -Wno-missing-field-initializers -O0 -g3     -o CMakeFiles/cmTC_b0218.dir/HAVE_REGEX.c.o   -c /home/Mickdep/fuzzing/quic/lsquic/lsquic-fuzz/CMakeFiles/CheckIncludeFiles/HAVE_REGEX.c
Linking C executable cmTC_b0218
/usr/bin/cmake -E cmake_link_script CMakeFiles/cmTC_b0218.dir/link.txt --verbose=1
/usr/bin/cc   -DLSQUIC_DEBUG_NEXT_ADV_TICK=1 -DLSQUIC_CONN_STATS=1 -Wall -Wextra -Wno-unused-parameter -fno-omit-frame-pointer -Wno-missing-field-initializers -O0 -g3      -rdynamic CMakeFiles/cmTC_b0218.dir/HAVE_REGEX.c.o  -o cmTC_b0218 
make[1]: Leaving directory '/home/Mickdep/fuzzing/quic/lsquic/lsquic-fuzz/CMakeFiles/CMakeTmp'



Performing C SOURCE FILE Test HAS_NO_IMPLICIT_FALLTHROUGH succeeded with the following output:
Change Dir: /home/Mickdep/fuzzing/quic/lsquic/lsquic-fuzz/CMakeFiles/CMakeTmp

Run Build Command(s):/usr/bin/make cmTC_c99b2/fast && /usr/bin/make -f CMakeFiles/cmTC_c99b2.dir/build.make CMakeFiles/cmTC_c99b2.dir/build
make[1]: Entering directory '/home/Mickdep/fuzzing/quic/lsquic/lsquic-fuzz/CMakeFiles/CMakeTmp'
Building C object CMakeFiles/cmTC_c99b2.dir/src.c.o
/usr/bin/cc   -DLSQUIC_DEBUG_NEXT_ADV_TICK=1 -DLSQUIC_CONN_STATS=1 -Wall -Wextra -Wno-unused-parameter -fno-omit-frame-pointer -Wno-missing-field-initializers -O0 -g3  -DHAS_NO_IMPLICIT_FALLTHROUGH   -Wno-implicit-fallthrough -o CMakeFiles/cmTC_c99b2.dir/src.c.o   -c /home/Mickdep/fuzzing/quic/lsquic/lsquic-fuzz/CMakeFiles/CMakeTmp/src.c
Linking C executable cmTC_c99b2
/usr/bin/cmake -E cmake_link_script CMakeFiles/cmTC_c99b2.dir/link.txt --verbose=1
/usr/bin/cc   -DLSQUIC_DEBUG_NEXT_ADV_TICK=1 -DLSQUIC_CONN_STATS=1 -Wall -Wextra -Wno-unused-parameter -fno-omit-frame-pointer -Wno-missing-field-initializers -O0 -g3  -DHAS_NO_IMPLICIT_FALLTHROUGH    -rdynamic CMakeFiles/cmTC_c99b2.dir/src.c.o  -o cmTC_c99b2 
make[1]: Leaving directory '/home/Mickdep/fuzzing/quic/lsquic/lsquic-fuzz/CMakeFiles/CMakeTmp'


Source file was:
int main(void) { return 0; }
