Compiling the C compiler identification source file "CMakeCCompilerId.c" failed.
Compiler: /Library/Developer/CommandLineTools/usr/bin/cc 
Build flags: 
Id flags:  

The output was:
1
ld: library not found for -lSystem
clang: error: linker command failed with exit code 1 (use -v to see invocation)


Determining if the function sendmmsg exists failed with the following output:
Change Dir: /Users/mick/Workspace/quic_implementations/lsquic/lsquic-fuzz/CMakeFiles/CMakeTmp

Run Build Command(s):/usr/bin/make -f Makefile cmTC_01c09/fast && /Library/Developer/CommandLineTools/usr/bin/make  -f CMakeFiles/cmTC_01c09.dir/build.make CMakeFiles/cmTC_01c09.dir/build
Building C object CMakeFiles/cmTC_01c09.dir/CheckFunctionExists.c.o
/Library/Developer/CommandLineTools/usr/bin/cc   -DLSQUIC_DEBUG_NEXT_ADV_TICK=1 -DLSQUIC_CONN_STATS=1 -Wall -Wextra -Wno-unused-parameter -fno-omit-frame-pointer -O0 -g3  -DCHECK_FUNCTION_EXISTS=sendmmsg -arch arm64 -isysroot /Library/Developer/CommandLineTools/SDKs/MacOSX12.3.sdk -MD -MT CMakeFiles/cmTC_01c09.dir/CheckFunctionExists.c.o -MF CMakeFiles/cmTC_01c09.dir/CheckFunctionExists.c.o.d -o CMakeFiles/cmTC_01c09.dir/CheckFunctionExists.c.o -c /opt/homebrew/Cellar/cmake/3.22.2/share/cmake/Modules/CheckFunctionExists.c
Linking C executable cmTC_01c09
/opt/homebrew/Cellar/cmake/3.22.2/bin/cmake -E cmake_link_script CMakeFiles/cmTC_01c09.dir/link.txt --verbose=1
/Library/Developer/CommandLineTools/usr/bin/cc   -DLSQUIC_DEBUG_NEXT_ADV_TICK=1 -DLSQUIC_CONN_STATS=1 -Wall -Wextra -Wno-unused-parameter -fno-omit-frame-pointer -O0 -g3  -DCHECK_FUNCTION_EXISTS=sendmmsg -arch arm64 -isysroot /Library/Developer/CommandLineTools/SDKs/MacOSX12.3.sdk -Wl,-search_paths_first -Wl,-headerpad_max_install_names CMakeFiles/cmTC_01c09.dir/CheckFunctionExists.c.o -o cmTC_01c09 
Undefined symbols for architecture arm64:
  "_sendmmsg", referenced from:
      _main in CheckFunctionExists.c.o
ld: symbol(s) not found for architecture arm64
clang: error: linker command failed with exit code 1 (use -v to see invocation)
make[1]: *** [cmTC_01c09] Error 1
make: *** [cmTC_01c09/fast] Error 2



Determining if the function recvmmsg exists failed with the following output:
Change Dir: /Users/mick/Workspace/quic_implementations/lsquic/lsquic-fuzz/CMakeFiles/CMakeTmp

Run Build Command(s):/usr/bin/make -f Makefile cmTC_22d50/fast && /Library/Developer/CommandLineTools/usr/bin/make  -f CMakeFiles/cmTC_22d50.dir/build.make CMakeFiles/cmTC_22d50.dir/build
Building C object CMakeFiles/cmTC_22d50.dir/CheckFunctionExists.c.o
/Library/Developer/CommandLineTools/usr/bin/cc   -DLSQUIC_DEBUG_NEXT_ADV_TICK=1 -DLSQUIC_CONN_STATS=1 -Wall -Wextra -Wno-unused-parameter -fno-omit-frame-pointer -O0 -g3  -DCHECK_FUNCTION_EXISTS=recvmmsg -arch arm64 -isysroot /Library/Developer/CommandLineTools/SDKs/MacOSX12.3.sdk -MD -MT CMakeFiles/cmTC_22d50.dir/CheckFunctionExists.c.o -MF CMakeFiles/cmTC_22d50.dir/CheckFunctionExists.c.o.d -o CMakeFiles/cmTC_22d50.dir/CheckFunctionExists.c.o -c /opt/homebrew/Cellar/cmake/3.22.2/share/cmake/Modules/CheckFunctionExists.c
Linking C executable cmTC_22d50
/opt/homebrew/Cellar/cmake/3.22.2/bin/cmake -E cmake_link_script CMakeFiles/cmTC_22d50.dir/link.txt --verbose=1
/Library/Developer/CommandLineTools/usr/bin/cc   -DLSQUIC_DEBUG_NEXT_ADV_TICK=1 -DLSQUIC_CONN_STATS=1 -Wall -Wextra -Wno-unused-parameter -fno-omit-frame-pointer -O0 -g3  -DCHECK_FUNCTION_EXISTS=recvmmsg -arch arm64 -isysroot /Library/Developer/CommandLineTools/SDKs/MacOSX12.3.sdk -Wl,-search_paths_first -Wl,-headerpad_max_install_names CMakeFiles/cmTC_22d50.dir/CheckFunctionExists.c.o -o cmTC_22d50 
Undefined symbols for architecture arm64:
  "_recvmmsg", referenced from:
      _main in CheckFunctionExists.c.o
ld: symbol(s) not found for architecture arm64
clang: error: linker command failed with exit code 1 (use -v to see invocation)
make[1]: *** [cmTC_22d50] Error 1
make: *** [cmTC_22d50/fast] Error 2



Determining if the IP_MTU_DISCOVER exist failed with the following output:
Change Dir: /Users/mick/Workspace/quic_implementations/lsquic/lsquic-fuzz/CMakeFiles/CMakeTmp

Run Build Command(s):/usr/bin/make -f Makefile cmTC_f4a49/fast && /Library/Developer/CommandLineTools/usr/bin/make  -f CMakeFiles/cmTC_f4a49.dir/build.make CMakeFiles/cmTC_f4a49.dir/build
Building C object CMakeFiles/cmTC_f4a49.dir/CheckSymbolExists.c.o
/Library/Developer/CommandLineTools/usr/bin/cc   -DLSQUIC_DEBUG_NEXT_ADV_TICK=1 -DLSQUIC_CONN_STATS=1 -Wall -Wextra -Wno-unused-parameter -fno-omit-frame-pointer -O0 -g3   -arch arm64 -isysroot /Library/Developer/CommandLineTools/SDKs/MacOSX12.3.sdk -MD -MT CMakeFiles/cmTC_f4a49.dir/CheckSymbolExists.c.o -MF CMakeFiles/cmTC_f4a49.dir/CheckSymbolExists.c.o.d -o CMakeFiles/cmTC_f4a49.dir/CheckSymbolExists.c.o -c /Users/mick/Workspace/quic_implementations/lsquic/lsquic-fuzz/CMakeFiles/CMakeTmp/CheckSymbolExists.c
/Users/mick/Workspace/quic_implementations/lsquic/lsquic-fuzz/CMakeFiles/CMakeTmp/CheckSymbolExists.c:8:19: error: use of undeclared identifier 'IP_MTU_DISCOVER'
  return ((int*)(&IP_MTU_DISCOVER))[argc];
                  ^
1 error generated.
make[1]: *** [CMakeFiles/cmTC_f4a49.dir/CheckSymbolExists.c.o] Error 1
make: *** [cmTC_f4a49/fast] Error 2


File /Users/mick/Workspace/quic_implementations/lsquic/lsquic-fuzz/CMakeFiles/CMakeTmp/CheckSymbolExists.c:
/* */
#include <netinet/in.h>

int main(int argc, char** argv)
{
  (void)argv;
#ifndef IP_MTU_DISCOVER
  return ((int*)(&IP_MTU_DISCOVER))[argc];
#else
  (void)argc;
  return 0;
#endif
}
Determining if the IP_DONTFRAG exist failed with the following output:
Change Dir: /home/Mickdep/fuzzing/quic/lsquic/lsquic-fuzz/CMakeFiles/CMakeTmp

Run Build Command(s):/usr/bin/make cmTC_65bfb/fast && /usr/bin/make -f CMakeFiles/cmTC_65bfb.dir/build.make CMakeFiles/cmTC_65bfb.dir/build
make[1]: Entering directory '/home/Mickdep/fuzzing/quic/lsquic/lsquic-fuzz/CMakeFiles/CMakeTmp'
Building C object CMakeFiles/cmTC_65bfb.dir/CheckSymbolExists.c.o
/usr/bin/cc   -DLSQUIC_DEBUG_NEXT_ADV_TICK=1 -DLSQUIC_CONN_STATS=1 -Wall -Wextra -Wno-unused-parameter -fno-omit-frame-pointer -Wno-missing-field-initializers -O0 -g3     -o CMakeFiles/cmTC_65bfb.dir/CheckSymbolExists.c.o   -c /home/Mickdep/fuzzing/quic/lsquic/lsquic-fuzz/CMakeFiles/CMakeTmp/CheckSymbolExists.c
/home/Mickdep/fuzzing/quic/lsquic/lsquic-fuzz/CMakeFiles/CMakeTmp/CheckSymbolExists.c: In function ‘main’:
/home/Mickdep/fuzzing/quic/lsquic/lsquic-fuzz/CMakeFiles/CMakeTmp/CheckSymbolExists.c:8:19: error: ‘IP_DONTFRAG’ undeclared (first use in this function); did you mean ‘IPV6_DONTFRAG’?
    8 |   return ((int*)(&IP_DONTFRAG))[argc];
      |                   ^~~~~~~~~~~
      |                   IPV6_DONTFRAG
/home/Mickdep/fuzzing/quic/lsquic/lsquic-fuzz/CMakeFiles/CMakeTmp/CheckSymbolExists.c:8:19: note: each undeclared identifier is reported only once for each function it appears in
/home/Mickdep/fuzzing/quic/lsquic/lsquic-fuzz/CMakeFiles/CMakeTmp/CheckSymbolExists.c:4:14: warning: parameter ‘argc’ set but not used [-Wunused-but-set-parameter]
    4 | int main(int argc, char** argv)
      |          ~~~~^~~~
make[1]: *** [CMakeFiles/cmTC_65bfb.dir/build.make:66: CMakeFiles/cmTC_65bfb.dir/CheckSymbolExists.c.o] Error 1
make[1]: Leaving directory '/home/Mickdep/fuzzing/quic/lsquic/lsquic-fuzz/CMakeFiles/CMakeTmp'
make: *** [Makefile:121: cmTC_65bfb/fast] Error 2


File /home/Mickdep/fuzzing/quic/lsquic/lsquic-fuzz/CMakeFiles/CMakeTmp/CheckSymbolExists.c:
/* */
#include <netinet/in.h>

int main(int argc, char** argv)
{
  (void)argv;
#ifndef IP_DONTFRAG
  return ((int*)(&IP_DONTFRAG))[argc];
#else
  (void)argc;
  return 0;
#endif
}
